<?xml version="1.0" encoding="UTF-8"?>
<!-- Generated by org.testng.reporters.JUnitReportReporter -->
<testsuite skipped="1" hostname="LAPTOP-I8KP8DH3" name="com.training.sanity.tests.LoginTests" tests="2" failures="0" timestamp="04 Mar 2020 06:31:03 GMT" time="16.866" errors="1">
  <testcase name="validLoginTest" time="0.000" classname="com.training.sanity.tests.LoginTests">
    <skipped/>
  </testcase> <!-- validLoginTest -->
  <testcase name="setUp" time="16.866" classname="com.training.sanity.tests.LoginTests">
    <error type="org.openqa.selenium.SessionNotCreatedException" message="session not created
from chrome not reachable
  (Session info: chrome=80.0.3987.132)
Build info: version: &#039;3.6.0&#039;, revision: &#039;6fbf3ec767&#039;, time: &#039;2017-09-27T15:28:36.4Z&#039;
System info: host: &#039;LAPTOP-I8KP8DH3&#039;, ip: &#039;9.109.98.194&#039;, os.name: &#039;Windows 10&#039;, os.arch: &#039;amd64&#039;, os.version: &#039;10.0&#039;, java.version: &#039;1.8.0_201&#039;
Driver info: driver.version: ChromeDriver
remote stacktrace: Backtrace:
	Ordinal0 [0x002F0AE3+1706723]
	Ordinal0 [0x002568C1+1075393]
	Ordinal0 [0x001CDE52+515666]
	Ordinal0 [0x001C7C88+490632]
	Ordinal0 [0x001C837B+492411]
	Ordinal0 [0x001C92D5+496341]
	Ordinal0 [0x001C4EE5+478949]
	Ordinal0 [0x001CEC80+519296]
	Ordinal0 [0x0017CA67+182887]
	Ordinal0 [0x0017BDDD+179677]
	Ordinal0 [0x00179D4B+171339]
	Ordinal0 [0x00161D4A+73034]
	Ordinal0 [0x00162DC0+77248]
	Ordinal0 [0x00162D59+77145]
	Ordinal0 [0x0026BB37+1162039]
	GetHandleVerifier [0x0038A7C6+508998]
	GetHandleVerifier [0x0038A504+508292]
	GetHandleVerifier [0x0039F617+594583]
	GetHandleVerifier [0x0038B036+511158]
	Ordinal0 [0x00263FFC+1130492]
	Ordinal0 [0x0026D49B+1168539]
	Ordinal0 [0x0026D603+1168899]
	Ordinal0 [0x00285B05+1268485]
	BaseThreadInitThunk [0x77726359+25]
	RtlGetAppContainerNamedObjectPath [0x77C87B74+228]
	RtlGetAppContainerNamedObjectPath [0x77C87B44+180]
">
      <![CDATA[org.openqa.selenium.SessionNotCreatedException: session not created
from chrome not reachable
  (Session info: chrome=80.0.3987.132)
Build info: version: '3.6.0', revision: '6fbf3ec767', time: '2017-09-27T15:28:36.4Z'
System info: host: 'LAPTOP-I8KP8DH3', ip: '9.109.98.194', os.name: 'Windows 10', os.arch: 'amd64', os.version: '10.0', java.version: '1.8.0_201'
Driver info: driver.version: ChromeDriver
remote stacktrace: Backtrace:
	Ordinal0 [0x002F0AE3+1706723]
	Ordinal0 [0x002568C1+1075393]
	Ordinal0 [0x001CDE52+515666]
	Ordinal0 [0x001C7C88+490632]
	Ordinal0 [0x001C837B+492411]
	Ordinal0 [0x001C92D5+496341]
	Ordinal0 [0x001C4EE5+478949]
	Ordinal0 [0x001CEC80+519296]
	Ordinal0 [0x0017CA67+182887]
	Ordinal0 [0x0017BDDD+179677]
	Ordinal0 [0x00179D4B+171339]
	Ordinal0 [0x00161D4A+73034]
	Ordinal0 [0x00162DC0+77248]
	Ordinal0 [0x00162D59+77145]
	Ordinal0 [0x0026BB37+1162039]
	GetHandleVerifier [0x0038A7C6+508998]
	GetHandleVerifier [0x0038A504+508292]
	GetHandleVerifier [0x0039F617+594583]
	GetHandleVerifier [0x0038B036+511158]
	Ordinal0 [0x00263FFC+1130492]
	Ordinal0 [0x0026D49B+1168539]
	Ordinal0 [0x0026D603+1168899]
	Ordinal0 [0x00285B05+1268485]
	BaseThreadInitThunk [0x77726359+25]
	RtlGetAppContainerNamedObjectPath [0x77C87B74+228]
	RtlGetAppContainerNamedObjectPath [0x77C87B44+180]

	at sun.reflect.NativeConstructorAccessorImpl.newInstance0(Native Method)
	at sun.reflect.NativeConstructorAccessorImpl.newInstance(Unknown Source)
	at sun.reflect.DelegatingConstructorAccessorImpl.newInstance(Unknown Source)
	at java.lang.reflect.Constructor.newInstance(Unknown Source)
	at org.openqa.selenium.remote.W3CHandshakeResponse.lambda$new$0(W3CHandshakeResponse.java:57)
	at org.openqa.selenium.remote.W3CHandshakeResponse.lambda$getResponseFunction$2(W3CHandshakeResponse.java:104)
	at org.openqa.selenium.remote.ProtocolHandshake.lambda$createSession$24(ProtocolHandshake.java:359)
	at java.util.stream.ReferencePipeline$3$1.accept(Unknown Source)
	at java.util.Spliterators$ArraySpliterator.tryAdvance(Unknown Source)
	at java.util.stream.ReferencePipeline.forEachWithCancel(Unknown Source)
	at java.util.stream.AbstractPipeline.copyIntoWithCancel(Unknown Source)
	at java.util.stream.AbstractPipeline.copyInto(Unknown Source)
	at java.util.stream.AbstractPipeline.wrapAndCopyInto(Unknown Source)
	at java.util.stream.FindOps$FindOp.evaluateSequential(Unknown Source)
	at java.util.stream.AbstractPipeline.evaluate(Unknown Source)
	at java.util.stream.ReferencePipeline.findFirst(Unknown Source)
	at org.openqa.selenium.remote.ProtocolHandshake.createSession(ProtocolHandshake.java:362)
	at org.openqa.selenium.remote.ProtocolHandshake.createSession(ProtocolHandshake.java:136)
	at org.openqa.selenium.remote.HttpCommandExecutor.execute(HttpCommandExecutor.java:142)
	at org.openqa.selenium.remote.service.DriverCommandExecutor.execute(DriverCommandExecutor.java:83)
	at org.openqa.selenium.remote.RemoteWebDriver.execute(RemoteWebDriver.java:586)
	at org.openqa.selenium.remote.RemoteWebDriver.startSession(RemoteWebDriver.java:217)
	at org.openqa.selenium.remote.RemoteWebDriver.<init>(RemoteWebDriver.java:140)
	at org.openqa.selenium.chrome.ChromeDriver.<init>(ChromeDriver.java:181)
	at org.openqa.selenium.chrome.ChromeDriver.<init>(ChromeDriver.java:168)
	at org.openqa.selenium.chrome.ChromeDriver.<init>(ChromeDriver.java:123)
	at com.training.utility.DriverFactory.getDriver(DriverFactory.java:24)
	at com.training.sanity.tests.LoginTests.setUp(LoginTests.java:35)
	at sun.reflect.NativeMethodAccessorImpl.invoke0(Native Method)
	at sun.reflect.NativeMethodAccessorImpl.invoke(Unknown Source)
	at sun.reflect.DelegatingMethodAccessorImpl.invoke(Unknown Source)
	at java.lang.reflect.Method.invoke(Unknown Source)
	at org.testng.internal.MethodInvocationHelper.invokeMethod(MethodInvocationHelper.java:108)
	at org.testng.internal.Invoker.invokeConfigurationMethod(Invoker.java:523)
	at org.testng.internal.Invoker.invokeConfigurations(Invoker.java:224)
	at org.testng.internal.Invoker.invokeMethod(Invoker.java:599)
	at org.testng.internal.Invoker.invokeTestMethod(Invoker.java:869)
	at org.testng.internal.Invoker.invokeTestMethods(Invoker.java:1193)
	at org.testng.internal.TestMethodWorker.invokeTestMethods(TestMethodWorker.java:126)
	at org.testng.internal.TestMethodWorker.run(TestMethodWorker.java:109)
	at org.testng.TestRunner.privateRun(TestRunner.java:744)
	at org.testng.TestRunner.run(TestRunner.java:602)
	at org.testng.SuiteRunner.runTest(SuiteRunner.java:380)
	at org.testng.SuiteRunner.runSequentially(SuiteRunner.java:375)
	at org.testng.SuiteRunner.privateRun(SuiteRunner.java:340)
	at org.testng.SuiteRunner.run(SuiteRunner.java:289)
	at org.testng.SuiteRunnerWorker.runSuite(SuiteRunnerWorker.java:52)
	at org.testng.SuiteRunnerWorker.run(SuiteRunnerWorker.java:86)
	at org.testng.TestNG.runSuitesSequentially(TestNG.java:1301)
	at org.testng.TestNG.runSuitesLocally(TestNG.java:1226)
	at org.testng.TestNG.runSuites(TestNG.java:1144)
	at org.testng.TestNG.run(TestNG.java:1115)
	at org.testng.remote.AbstractRemoteTestNG.run(AbstractRemoteTestNG.java:126)
	at org.testng.remote.RemoteTestNG.initAndRun(RemoteTestNG.java:137)
	at org.testng.remote.RemoteTestNG.main(RemoteTestNG.java:58)
]]>
    </error>
  </testcase> <!-- setUp -->
</testsuite> <!-- com.training.sanity.tests.LoginTests -->
